<?xml version="1.0" encoding="UTF-8"?>
<!-- Generated by org.testng.reporters.JUnitXMLReporter -->
<testsuite hostname="dinh" ignored="0" name="Default test" tests="1" failures="1" timestamp="13 Jul 2020 10:20:49 GMT" time="203.944" errors="0">
  <testcase name="test" time="203.446" classname="InstagramFeeding.LaucherActivityView">
    <failure type="org.openqa.selenium.InvalidElementStateException" message="Drag did not complete successfully
Build info: version: &amp;apos;3.141.59&amp;apos;, revision: &amp;apos;e82be7d358&amp;apos;, time: &amp;apos;2018-11-14T08:17:03&amp;apos;
System info: host: &amp;apos;dinh&amp;apos;, ip: &amp;apos;fe80:0:0:0:10ab:51ef:650b:3796%en0&amp;apos;, os.name: &amp;apos;Mac OS X&amp;apos;, os.arch: &amp;apos;x86_64&amp;apos;, os.version: &amp;apos;10.15.5&amp;apos;, java.version: &amp;apos;1.8.0_231&amp;apos;
Driver info: io.appium.java_client.android.AndroidDriver
Capabilities {appActivity: com.instagram.mainactivity...., appPackage: com.instagram.android, automationName: UiAutomator2, databaseEnabled: false, desired: {appActivity: com.instagram.mainactivity...., appPackage: com.instagram.android, automationName: UiAutomator2, deviceName: xiaomi, noReset: true, platformName: android}, deviceApiLevel: 28, deviceManufacturer: samsung, deviceModel: SM-N950F, deviceName: 988adc38364e44465730, deviceScreenDensity: 420, deviceScreenSize: 1080x2220, deviceUDID: 988adc38364e44465730, javascriptEnabled: true, locationContextEnabled: false, networkConnectionEnabled: true, noReset: true, pixelRatio: 2.625, platform: LINUX, platformName: Android, platformVersion: 9, statBarHeight: 63, takesScreenshot: true, viewportRect: {height: 2031, left: 0, top: 63, width: 1080}, warnings: {}, webStorageEnabled: false}
Session ID: 36881958-b8a4-4bf0-97d6-82c79fbe87fa">
      <![CDATA[org.openqa.selenium.InvalidElementStateException: Drag did not complete successfully
Build info: version: '3.141.59', revision: 'e82be7d358', time: '2018-11-14T08:17:03'
System info: host: 'dinh', ip: 'fe80:0:0:0:10ab:51ef:650b:3796%en0', os.name: 'Mac OS X', os.arch: 'x86_64', os.version: '10.15.5', java.version: '1.8.0_231'
Driver info: io.appium.java_client.android.AndroidDriver
Capabilities {appActivity: com.instagram.mainactivity...., appPackage: com.instagram.android, automationName: UiAutomator2, databaseEnabled: false, desired: {appActivity: com.instagram.mainactivity...., appPackage: com.instagram.android, automationName: UiAutomator2, deviceName: xiaomi, noReset: true, platformName: android}, deviceApiLevel: 28, deviceManufacturer: samsung, deviceModel: SM-N950F, deviceName: 988adc38364e44465730, deviceScreenDensity: 420, deviceScreenSize: 1080x2220, deviceUDID: 988adc38364e44465730, javascriptEnabled: true, locationContextEnabled: false, networkConnectionEnabled: true, noReset: true, pixelRatio: 2.625, platform: LINUX, platformName: Android, platformVersion: 9, statBarHeight: 63, takesScreenshot: true, viewportRect: {height: 2031, left: 0, top: 63, width: 1080}, warnings: {}, webStorageEnabled: false}
Session ID: 36881958-b8a4-4bf0-97d6-82c79fbe87fa
at sun.reflect.NativeConstructorAccessorImpl.newInstance0(Native Method)
at sun.reflect.NativeConstructorAccessorImpl.newInstance(NativeConstructorAccessorImpl.java:62)
at sun.reflect.DelegatingConstructorAccessorImpl.newInstance(DelegatingConstructorAccessorImpl.java:45)
at java.lang.reflect.Constructor.newInstance(Constructor.java:423)
at org.openqa.selenium.remote.http.W3CHttpResponseCodec.createException(W3CHttpResponseCodec.java:187)
at org.openqa.selenium.remote.http.W3CHttpResponseCodec.decode(W3CHttpResponseCodec.java:122)
at org.openqa.selenium.remote.http.W3CHttpResponseCodec.decode(W3CHttpResponseCodec.java:49)
at org.openqa.selenium.remote.HttpCommandExecutor.execute(HttpCommandExecutor.java:158)
at io.appium.java_client.remote.AppiumCommandExecutor.execute(AppiumCommandExecutor.java:239)
at org.openqa.selenium.remote.RemoteWebDriver.execute(RemoteWebDriver.java:552)
at io.appium.java_client.DefaultGenericMobileDriver.execute(DefaultGenericMobileDriver.java:42)
at io.appium.java_client.AppiumDriver.execute(AppiumDriver.java:1)
at io.appium.java_client.android.AndroidDriver.execute(AndroidDriver.java:1)
at io.appium.java_client.PerformsTouchActions.performTouchAction(PerformsTouchActions.java:41)
at io.appium.java_client.TouchAction.perform(TouchAction.java:187)
at InstagramFeeding.MainActivityView.WatchVideoAndClickCloseButton(MainActivityView.java:284)
at InstagramFeeding.MainActivityView.touchSomeOneStory(MainActivityView.java:177)
at InstagramFeeding.MainActivityView.clickTabOnNavigationBar(MainActivityView.java:75)
at InstagramFeeding.MainActivityView.test(MainActivityView.java:51)
at InstagramFeeding.LaucherActivityView$1.onResult(LaucherActivityView.java:80)
at InstagramFeeding.LaucherActivityViewModel$1.onResult(LaucherActivityViewModel.java:55)
at InstagramFeeding.LaucherActivityModel.getElementOnString(LaucherActivityModel.java:45)
at InstagramFeeding.LaucherActivityViewModel.getContinueAsFBId(LaucherActivityViewModel.java:64)
at InstagramFeeding.LaucherActivityView.ContinueAsFB(LaucherActivityView.java:100)
at InstagramFeeding.LaucherActivityView.test(LaucherActivityView.java:65)
at sun.reflect.NativeMethodAccessorImpl.invoke0(Native Method)
at sun.reflect.NativeMethodAccessorImpl.invoke(NativeMethodAccessorImpl.java:62)
at sun.reflect.DelegatingMethodAccessorImpl.invoke(DelegatingMethodAccessorImpl.java:43)
at java.lang.reflect.Method.invoke(Method.java:498)
at org.testng.internal.MethodInvocationHelper.invokeMethod(MethodInvocationHelper.java:124)
at org.testng.internal.Invoker.invokeMethod(Invoker.java:583)
at org.testng.internal.Invoker.invokeTestMethod(Invoker.java:719)
at org.testng.internal.Invoker.invokeTestMethods(Invoker.java:989)
at org.testng.internal.TestMethodWorker.invokeTestMethods(TestMethodWorker.java:125)
at org.testng.internal.TestMethodWorker.run(TestMethodWorker.java:109)
at org.testng.TestRunner.privateRun(TestRunner.java:648)
at org.testng.TestRunner.run(TestRunner.java:505)
at org.testng.SuiteRunner.runTest(SuiteRunner.java:455)
at org.testng.SuiteRunner.runSequentially(SuiteRunner.java:450)
at org.testng.SuiteRunner.privateRun(SuiteRunner.java:415)
at org.testng.SuiteRunner.run(SuiteRunner.java:364)
at org.testng.SuiteRunnerWorker.runSuite(SuiteRunnerWorker.java:52)
at org.testng.SuiteRunnerWorker.run(SuiteRunnerWorker.java:84)
at org.testng.TestNG.runSuitesSequentially(TestNG.java:1208)
at org.testng.TestNG.runSuitesLocally(TestNG.java:1137)
at org.testng.TestNG.runSuites(TestNG.java:1049)
at org.testng.TestNG.run(TestNG.java:1017)
at org.testng.remote.AbstractRemoteTestNG.run(AbstractRemoteTestNG.java:115)
at org.testng.remote.RemoteTestNG.initAndRun(RemoteTestNG.java:251)
at org.testng.remote.RemoteTestNG.main(RemoteTestNG.java:77)
]]>
    </failure>
  </testcase> <!-- test -->
</testsuite> <!-- Default test -->
