<?xml version="1.0" encoding="UTF-8"?>
<testng-results skipped="0" failed="1" ignored="0" total="1" passed="0">
  <reporter-output>
  </reporter-output>
  <suite name="Default suite" duration-ms="13461" started-at="2020-07-07T09:59:57Z" finished-at="2020-07-07T10:00:11Z">
    <groups>
    </groups>
    <test name="Default test" duration-ms="13461" started-at="2020-07-07T09:59:57Z" finished-at="2020-07-07T10:00:11Z">
      <class name="InstagramFeeding.LaucherActivityView">
        <test-method status="PASS" signature="before()[pri:0, instance:InstagramFeeding.LaucherActivityView@2bec854f]" name="before" is-config="true" duration-ms="5" started-at="2020-07-07T09:59:57Z" finished-at="2020-07-07T09:59:57Z">
          <reporter-output>
          </reporter-output>
        </test-method> <!-- before -->
        <test-method status="FAIL" signature="test()[pri:0, instance:InstagramFeeding.LaucherActivityView@2bec854f]" name="test" duration-ms="13238" started-at="2020-07-07T09:59:57Z" finished-at="2020-07-07T10:00:11Z">
          <exception class="org.openqa.selenium.WebDriverException">
            <message>
              <![CDATA[An unknown server-side error occurred while processing the command. Original error: Could not proxy command to remote server. Original error: Error: socket hang up
Build info: version: '3.141.59', revision: 'e82be7d358', time: '2018-11-14T08:17:03'
System info: host: 'dinh', ip: 'fe80:0:0:0:8d8:3a1f:d52e:35f7%en0', os.name: 'Mac OS X', os.arch: 'x86_64', os.version: '10.15.5', java.version: '1.8.0_231'
Driver info: io.appium.java_client.android.AndroidDriver
Capabilities {appActivity: com.instagram.mainactivity...., appPackage: com.instagram.android, automationName: UiAutomator2, databaseEnabled: false, desired: {appActivity: com.instagram.mainactivity...., appPackage: com.instagram.android, automationName: UiAutomator2, deviceName: xiaomi, noReset: true, platformName: android}, deviceApiLevel: 28, deviceManufacturer: samsung, deviceModel: SM-N950F, deviceName: 988adc38364e44465730, deviceScreenDensity: 420, deviceScreenSize: 1080x2220, deviceUDID: 988adc38364e44465730, javascriptEnabled: true, locationContextEnabled: false, networkConnectionEnabled: true, noReset: true, pixelRatio: 2.625, platform: LINUX, platformName: Android, platformVersion: 9, statBarHeight: 63, takesScreenshot: true, viewportRect: {height: 2031, left: 0, top: 63, width: 1080}, warnings: {}, webStorageEnabled: false}
Session ID: 0878447f-de9f-4f88-9c14-4c4cd9a43c80]]>
            </message>
            <full-stacktrace>
              <![CDATA[org.openqa.selenium.WebDriverException: An unknown server-side error occurred while processing the command. Original error: Could not proxy command to remote server. Original error: Error: socket hang up
Build info: version: '3.141.59', revision: 'e82be7d358', time: '2018-11-14T08:17:03'
System info: host: 'dinh', ip: 'fe80:0:0:0:8d8:3a1f:d52e:35f7%en0', os.name: 'Mac OS X', os.arch: 'x86_64', os.version: '10.15.5', java.version: '1.8.0_231'
Driver info: io.appium.java_client.android.AndroidDriver
Capabilities {appActivity: com.instagram.mainactivity...., appPackage: com.instagram.android, automationName: UiAutomator2, databaseEnabled: false, desired: {appActivity: com.instagram.mainactivity...., appPackage: com.instagram.android, automationName: UiAutomator2, deviceName: xiaomi, noReset: true, platformName: android}, deviceApiLevel: 28, deviceManufacturer: samsung, deviceModel: SM-N950F, deviceName: 988adc38364e44465730, deviceScreenDensity: 420, deviceScreenSize: 1080x2220, deviceUDID: 988adc38364e44465730, javascriptEnabled: true, locationContextEnabled: false, networkConnectionEnabled: true, noReset: true, pixelRatio: 2.625, platform: LINUX, platformName: Android, platformVersion: 9, statBarHeight: 63, takesScreenshot: true, viewportRect: {height: 2031, left: 0, top: 63, width: 1080}, warnings: {}, webStorageEnabled: false}
Session ID: 0878447f-de9f-4f88-9c14-4c4cd9a43c80
at sun.reflect.NativeConstructorAccessorImpl.newInstance0(Native Method)
at sun.reflect.NativeConstructorAccessorImpl.newInstance(NativeConstructorAccessorImpl.java:62)
at sun.reflect.DelegatingConstructorAccessorImpl.newInstance(DelegatingConstructorAccessorImpl.java:45)
at java.lang.reflect.Constructor.newInstance(Constructor.java:423)
at org.openqa.selenium.remote.http.W3CHttpResponseCodec.createException(W3CHttpResponseCodec.java:187)
at org.openqa.selenium.remote.http.W3CHttpResponseCodec.decode(W3CHttpResponseCodec.java:122)
at org.openqa.selenium.remote.http.W3CHttpResponseCodec.decode(W3CHttpResponseCodec.java:49)
at org.openqa.selenium.remote.HttpCommandExecutor.execute(HttpCommandExecutor.java:158)
at io.appium.java_client.remote.AppiumCommandExecutor.execute(AppiumCommandExecutor.java:239)
at org.openqa.selenium.remote.RemoteWebDriver.execute(RemoteWebDriver.java:552)
at io.appium.java_client.DefaultGenericMobileDriver.execute(DefaultGenericMobileDriver.java:42)
at io.appium.java_client.AppiumDriver.execute(AppiumDriver.java:1)
at io.appium.java_client.android.AndroidDriver.execute(AndroidDriver.java:1)
at io.appium.java_client.PerformsTouchActions.performMultiTouchAction(PerformsTouchActions.java:58)
at io.appium.java_client.MultiTouchAction.perform(MultiTouchAction.java:74)
at InstagramFeeding.MainActivityView.clickTabOnNavigationBar(MainActivityView.java:74)
at InstagramFeeding.MainActivityView.test(MainActivityView.java:50)
at InstagramFeeding.LaucherActivityView$1.onResult(LaucherActivityView.java:76)
at InstagramFeeding.LaucherActivityViewModel$1.onResult(LaucherActivityViewModel.java:55)
at InstagramFeeding.LaucherActivityModel.getElementOnString(LaucherActivityModel.java:45)
at InstagramFeeding.LaucherActivityViewModel.getContinueAsFBId(LaucherActivityViewModel.java:64)
at InstagramFeeding.LaucherActivityView.ContinueAsFB(LaucherActivityView.java:96)
at InstagramFeeding.LaucherActivityView.test(LaucherActivityView.java:61)
at sun.reflect.NativeMethodAccessorImpl.invoke0(Native Method)
at sun.reflect.NativeMethodAccessorImpl.invoke(NativeMethodAccessorImpl.java:62)
at sun.reflect.DelegatingMethodAccessorImpl.invoke(DelegatingMethodAccessorImpl.java:43)
at java.lang.reflect.Method.invoke(Method.java:498)
at org.testng.internal.MethodInvocationHelper.invokeMethod(MethodInvocationHelper.java:124)
at org.testng.internal.Invoker.invokeMethod(Invoker.java:583)
at org.testng.internal.Invoker.invokeTestMethod(Invoker.java:719)
at org.testng.internal.Invoker.invokeTestMethods(Invoker.java:989)
at org.testng.internal.TestMethodWorker.invokeTestMethods(TestMethodWorker.java:125)
at org.testng.internal.TestMethodWorker.run(TestMethodWorker.java:109)
at org.testng.TestRunner.privateRun(TestRunner.java:648)
at org.testng.TestRunner.run(TestRunner.java:505)
at org.testng.SuiteRunner.runTest(SuiteRunner.java:455)
at org.testng.SuiteRunner.runSequentially(SuiteRunner.java:450)
at org.testng.SuiteRunner.privateRun(SuiteRunner.java:415)
at org.testng.SuiteRunner.run(SuiteRunner.java:364)
at org.testng.SuiteRunnerWorker.runSuite(SuiteRunnerWorker.java:52)
at org.testng.SuiteRunnerWorker.run(SuiteRunnerWorker.java:84)
at org.testng.TestNG.runSuitesSequentially(TestNG.java:1208)
at org.testng.TestNG.runSuitesLocally(TestNG.java:1137)
at org.testng.TestNG.runSuites(TestNG.java:1049)
at org.testng.TestNG.run(TestNG.java:1017)
at org.testng.remote.AbstractRemoteTestNG.run(AbstractRemoteTestNG.java:115)
at org.testng.remote.RemoteTestNG.initAndRun(RemoteTestNG.java:251)
at org.testng.remote.RemoteTestNG.main(RemoteTestNG.java:77)
]]>
            </full-stacktrace>
          </exception> <!-- org.openqa.selenium.WebDriverException -->
          <reporter-output>
          </reporter-output>
        </test-method> <!-- test -->
        <test-method status="PASS" signature="after()[pri:0, instance:InstagramFeeding.LaucherActivityView@2bec854f]" name="after" is-config="true" duration-ms="197" started-at="2020-07-07T10:00:11Z" finished-at="2020-07-07T10:00:11Z">
          <reporter-output>
          </reporter-output>
        </test-method> <!-- after -->
      </class> <!-- InstagramFeeding.LaucherActivityView -->
    </test> <!-- Default test -->
  </suite> <!-- Default suite -->
</testng-results>
