<?xml version="1.0" encoding="UTF-8"?>
<testng-results skipped="0" failed="0" ignored="0" total="1" passed="1">
  <reporter-output>
  </reporter-output>
  <suite name="Default suite" duration-ms="14961" started-at="2020-07-05T08:57:39Z" finished-at="2020-07-05T08:57:54Z">
    <groups>
    </groups>
    <test name="Default test" duration-ms="14961" started-at="2020-07-05T08:57:39Z" finished-at="2020-07-05T08:57:54Z">
      <class name="InstagramFeeding.ActionView">
        <test-method status="PASS" signature="before()[pri:0, instance:InstagramFeeding.ActionView@124c278f]" name="before" is-config="true" duration-ms="14044" started-at="2020-07-05T08:57:39Z" finished-at="2020-07-05T08:57:53Z">
          <reporter-output>
          </reporter-output>
        </test-method> <!-- before -->
        <test-method status="PASS" signature="Testing()[pri:0, instance:InstagramFeeding.ActionView@124c278f]" name="Testing" duration-ms="903" started-at="2020-07-05T08:57:53Z" finished-at="2020-07-05T08:57:54Z">
          <reporter-output>
          </reporter-output>
        </test-method> <!-- Testing -->
        <test-method status="PASS" signature="after()[pri:0, instance:InstagramFeeding.ActionView@124c278f]" name="after" is-config="true" duration-ms="0" started-at="2020-07-05T08:57:54Z" finished-at="2020-07-05T08:57:54Z">
          <reporter-output>
          </reporter-output>
        </test-method> <!-- after -->
      </class> <!-- InstagramFeeding.ActionView -->
    </test> <!-- Default test -->
  </suite> <!-- Default suite -->
</testng-results>
